c:\users\sachin chopra\documents\university\4th year\csc8503\8503submission\8503 release\csc8503\csc8503common\x64\debug\csc8503common.pdb
c:\users\sachin chopra\documents\university\4th year\csc8503\8503submission\8503 release\csc8503\csc8503common\x64\debug\csc8503common.idb
c:\users\sachin chopra\documents\university\4th year\csc8503\8503submission\8503 release\csc8503\csc8503common\x64\debug\statetransition.obj
c:\users\sachin chopra\documents\university\4th year\csc8503\8503submission\8503 release\csc8503\csc8503common\x64\debug\statemachine.obj
c:\users\sachin chopra\documents\university\4th year\csc8503\8503submission\8503 release\csc8503\csc8503common\x64\debug\rotatingcube.obj
c:\users\sachin chopra\documents\university\4th year\csc8503\8503submission\8503 release\csc8503\csc8503common\x64\debug\renderobject.obj
c:\users\sachin chopra\documents\university\4th year\csc8503\8503submission\8503 release\csc8503\csc8503common\x64\debug\quadtree.obj
c:\users\sachin chopra\documents\university\4th year\csc8503\8503submission\8503 release\csc8503\csc8503common\x64\debug\pushdownstate.obj
c:\users\sachin chopra\documents\university\4th year\csc8503\8503submission\8503 release\csc8503\csc8503common\x64\debug\pushdownmachine.obj
c:\users\sachin chopra\documents\university\4th year\csc8503\8503submission\8503 release\csc8503\csc8503common\x64\debug\positionconstraint.obj
c:\users\sachin chopra\documents\university\4th year\csc8503\8503submission\8503 release\csc8503\csc8503common\x64\debug\playerobject.obj
c:\users\sachin chopra\documents\university\4th year\csc8503\8503submission\8503 release\csc8503\csc8503common\x64\debug\physicssystem.obj
c:\users\sachin chopra\documents\university\4th year\csc8503\8503submission\8503 release\csc8503\csc8503common\x64\debug\physicsobject.obj
c:\users\sachin chopra\documents\university\4th year\csc8503\8503submission\8503 release\csc8503\csc8503common\x64\debug\pendulum.obj
c:\users\sachin chopra\documents\university\4th year\csc8503\8503submission\8503 release\csc8503\csc8503common\x64\debug\navigationmesh.obj
c:\users\sachin chopra\documents\university\4th year\csc8503\8503submission\8503 release\csc8503\csc8503common\x64\debug\navigationgrid.obj
c:\users\sachin chopra\documents\university\4th year\csc8503\8503submission\8503 release\csc8503\csc8503common\x64\debug\gameworld.obj
c:\users\sachin chopra\documents\university\4th year\csc8503\8503submission\8503 release\csc8503\csc8503common\x64\debug\gameobject.obj
c:\users\sachin chopra\documents\university\4th year\csc8503\8503submission\8503 release\csc8503\csc8503common\x64\debug\enemycontroller.obj
c:\users\sachin chopra\documents\university\4th year\csc8503\8503submission\8503 release\csc8503\csc8503common\x64\debug\debug.obj
c:\users\sachin chopra\documents\university\4th year\csc8503\8503submission\8503 release\csc8503\csc8503common\x64\debug\collisiondetection.obj
c:\users\sachin chopra\documents\university\4th year\csc8503\8503submission\8503 release\csc8503\csc8503common\x64\debug\barrier.obj
c:\users\sachin chopra\documents\university\4th year\csc8503\8503submission\8503 release\csc8503\csc8503common\x64\debug\transform.obj
c:\users\sachin chopra\documents\university\4th year\csc8503\8503submission\8503 release\x64\debug\csc8503common.lib
c:\users\sachin chopra\documents\university\4th year\csc8503\8503submission\8503 release\x64\debug\csc8503common.pdb
c:\users\sachin chopra\documents\university\4th year\csc8503\8503submission\8503 release\csc8503\csc8503common\x64\debug\csc8503common.tlog\cl.command.1.tlog
c:\users\sachin chopra\documents\university\4th year\csc8503\8503submission\8503 release\csc8503\csc8503common\x64\debug\csc8503common.tlog\cl.read.1.tlog
c:\users\sachin chopra\documents\university\4th year\csc8503\8503submission\8503 release\csc8503\csc8503common\x64\debug\csc8503common.tlog\cl.write.1.tlog
c:\users\sachin chopra\documents\university\4th year\csc8503\8503submission\8503 release\csc8503\csc8503common\x64\debug\csc8503common.tlog\lib-link.read.1.tlog
c:\users\sachin chopra\documents\university\4th year\csc8503\8503submission\8503 release\csc8503\csc8503common\x64\debug\csc8503common.tlog\lib-link.write.1.tlog
c:\users\sachin chopra\documents\university\4th year\csc8503\8503submission\8503 release\csc8503\csc8503common\x64\debug\csc8503common.tlog\lib.command.1.tlog
