  GameTechRenderer.cpp
  Main.cpp
C:\Users\Sachin Chopra\Documents\University\4th Year\CSC8503\8503Submission\8503 Release\CSC8503\GameTech\Main.cpp(103,12): warning C4244: 'argument': conversion from 'time_t' to 'unsigned int', possible loss of data
  StateGameObject.cpp
  TutorialGame.cpp
C:\Users\Sachin Chopra\Documents\University\4th Year\CSC8503\8503Submission\8503 Release\CSC8503\GameTech\TutorialGame.cpp(256,83): warning C4244: 'argument': conversion from 'int' to 'float', possible loss of data
C:\Users\Sachin Chopra\Documents\University\4th Year\CSC8503\8503Submission\8503 Release\CSC8503\GameTech\TutorialGame.cpp(256,61): warning C4244: 'argument': conversion from 'int' to 'float', possible loss of data
C:\Users\Sachin Chopra\Documents\University\4th Year\CSC8503\8503Submission\8503 Release\CSC8503\GameTech\TutorialGame.cpp(256,123): warning C4244: 'argument': conversion from 'int' to 'float', possible loss of data
C:\Users\Sachin Chopra\Documents\University\4th Year\CSC8503\8503Submission\8503 Release\CSC8503\GameTech\TutorialGame.cpp(256,106): warning C4244: 'argument': conversion from 'int' to 'float', possible loss of data
C:\Users\Sachin Chopra\Documents\University\4th Year\CSC8503\8503Submission\8503 Release\CSC8503\GameTech\TutorialGame.cpp(257,82): warning C4305: 'argument': truncation from 'double' to 'float'
C:\Users\Sachin Chopra\Documents\University\4th Year\CSC8503\8503Submission\8503 Release\CSC8503\GameTech\TutorialGame.cpp(259,83): warning C4244: 'argument': conversion from 'int' to 'float', possible loss of data
C:\Users\Sachin Chopra\Documents\University\4th Year\CSC8503\8503Submission\8503 Release\CSC8503\GameTech\TutorialGame.cpp(259,60): warning C4244: 'argument': conversion from 'int' to 'float', possible loss of data
C:\Users\Sachin Chopra\Documents\University\4th Year\CSC8503\8503Submission\8503 Release\CSC8503\GameTech\TutorialGame.cpp(259,123): warning C4244: 'argument': conversion from 'int' to 'float', possible loss of data
C:\Users\Sachin Chopra\Documents\University\4th Year\CSC8503\8503Submission\8503 Release\CSC8503\GameTech\TutorialGame.cpp(259,106): warning C4244: 'argument': conversion from 'int' to 'float', possible loss of data
C:\Users\Sachin Chopra\Documents\University\4th Year\CSC8503\8503Submission\8503 Release\CSC8503\GameTech\TutorialGame.cpp(260,83): warning C4244: 'argument': conversion from 'int' to 'float', possible loss of data
C:\Users\Sachin Chopra\Documents\University\4th Year\CSC8503\8503Submission\8503 Release\CSC8503\GameTech\TutorialGame.cpp(260,60): warning C4244: 'argument': conversion from 'int' to 'float', possible loss of data
C:\Users\Sachin Chopra\Documents\University\4th Year\CSC8503\8503Submission\8503 Release\CSC8503\GameTech\TutorialGame.cpp(260,123): warning C4244: 'argument': conversion from 'int' to 'float', possible loss of data
C:\Users\Sachin Chopra\Documents\University\4th Year\CSC8503\8503Submission\8503 Release\CSC8503\GameTech\TutorialGame.cpp(260,106): warning C4244: 'argument': conversion from 'int' to 'float', possible loss of data
C:\Users\Sachin Chopra\Documents\University\4th Year\CSC8503\8503Submission\8503 Release\CSC8503\GameTech\TutorialGame.cpp(261,83): warning C4244: 'argument': conversion from 'int' to 'float', possible loss of data
C:\Users\Sachin Chopra\Documents\University\4th Year\CSC8503\8503Submission\8503 Release\CSC8503\GameTech\TutorialGame.cpp(261,60): warning C4244: 'argument': conversion from 'int' to 'float', possible loss of data
C:\Users\Sachin Chopra\Documents\University\4th Year\CSC8503\8503Submission\8503 Release\CSC8503\GameTech\TutorialGame.cpp(261,123): warning C4244: 'argument': conversion from 'int' to 'float', possible loss of data
C:\Users\Sachin Chopra\Documents\University\4th Year\CSC8503\8503Submission\8503 Release\CSC8503\GameTech\TutorialGame.cpp(261,106): warning C4244: 'argument': conversion from 'int' to 'float', possible loss of data
C:\Users\Sachin Chopra\Documents\University\4th Year\CSC8503\8503Submission\8503 Release\CSC8503\GameTech\TutorialGame.cpp(262,82): warning C4244: 'argument': conversion from 'int' to 'float', possible loss of data
C:\Users\Sachin Chopra\Documents\University\4th Year\CSC8503\8503Submission\8503 Release\CSC8503\GameTech\TutorialGame.cpp(262,60): warning C4244: 'argument': conversion from 'int' to 'float', possible loss of data
C:\Users\Sachin Chopra\Documents\University\4th Year\CSC8503\8503Submission\8503 Release\CSC8503\GameTech\TutorialGame.cpp(262,122): warning C4244: 'argument': conversion from 'int' to 'float', possible loss of data
C:\Users\Sachin Chopra\Documents\University\4th Year\CSC8503\8503Submission\8503 Release\CSC8503\GameTech\TutorialGame.cpp(262,105): warning C4244: 'argument': conversion from 'int' to 'float', possible loss of data
C:\Users\Sachin Chopra\Documents\University\4th Year\CSC8503\8503Submission\8503 Release\CSC8503\GameTech\TutorialGame.cpp(263,84): warning C4244: 'argument': conversion from 'int' to 'float', possible loss of data
C:\Users\Sachin Chopra\Documents\University\4th Year\CSC8503\8503Submission\8503 Release\CSC8503\GameTech\TutorialGame.cpp(263,61): warning C4244: 'argument': conversion from 'int' to 'float', possible loss of data
C:\Users\Sachin Chopra\Documents\University\4th Year\CSC8503\8503Submission\8503 Release\CSC8503\GameTech\TutorialGame.cpp(263,118): warning C4244: 'argument': conversion from 'int' to 'float', possible loss of data
C:\Users\Sachin Chopra\Documents\University\4th Year\CSC8503\8503Submission\8503 Release\CSC8503\GameTech\TutorialGame.cpp(263,108): warning C4244: 'argument': conversion from 'int' to 'float', possible loss of data
C:\Users\Sachin Chopra\Documents\University\4th Year\CSC8503\8503Submission\8503 Release\CSC8503\GameTech\TutorialGame.cpp(263,98): warning C4244: 'argument': conversion from 'int' to 'float', possible loss of data
C:\Users\Sachin Chopra\Documents\University\4th Year\CSC8503\8503Submission\8503 Release\CSC8503\GameTech\TutorialGame.cpp(263,157): warning C4244: 'argument': conversion from 'int' to 'float', possible loss of data
C:\Users\Sachin Chopra\Documents\University\4th Year\CSC8503\8503Submission\8503 Release\CSC8503\GameTech\TutorialGame.cpp(263,147): warning C4244: 'argument': conversion from 'int' to 'float', possible loss of data
C:\Users\Sachin Chopra\Documents\University\4th Year\CSC8503\8503Submission\8503 Release\CSC8503\GameTech\TutorialGame.cpp(263,137): warning C4244: 'argument': conversion from 'int' to 'float', possible loss of data
C:\Users\Sachin Chopra\Documents\University\4th Year\CSC8503\8503Submission\8503 Release\CSC8503\GameTech\TutorialGame.cpp(264,83): warning C4244: 'argument': conversion from 'int' to 'float', possible loss of data
C:\Users\Sachin Chopra\Documents\University\4th Year\CSC8503\8503Submission\8503 Release\CSC8503\GameTech\TutorialGame.cpp(264,60): warning C4244: 'argument': conversion from 'int' to 'float', possible loss of data
C:\Users\Sachin Chopra\Documents\University\4th Year\CSC8503\8503Submission\8503 Release\CSC8503\GameTech\TutorialGame.cpp(264,123): warning C4244: 'argument': conversion from 'int' to 'float', possible loss of data
C:\Users\Sachin Chopra\Documents\University\4th Year\CSC8503\8503Submission\8503 Release\CSC8503\GameTech\TutorialGame.cpp(264,106): warning C4244: 'argument': conversion from 'int' to 'float', possible loss of data
C:\Users\Sachin Chopra\Documents\University\4th Year\CSC8503\8503Submission\8503 Release\CSC8503\GameTech\TutorialGame.cpp(265,79): warning C4244: 'argument': conversion from 'int' to 'float', possible loss of data
C:\Users\Sachin Chopra\Documents\University\4th Year\CSC8503\8503Submission\8503 Release\CSC8503\GameTech\TutorialGame.cpp(265,56): warning C4244: 'argument': conversion from 'int' to 'float', possible loss of data
C:\Users\Sachin Chopra\Documents\University\4th Year\CSC8503\8503Submission\8503 Release\CSC8503\GameTech\TutorialGame.cpp(265,119): warning C4244: 'argument': conversion from 'int' to 'float', possible loss of data
C:\Users\Sachin Chopra\Documents\University\4th Year\CSC8503\8503Submission\8503 Release\CSC8503\GameTech\TutorialGame.cpp(265,102): warning C4244: 'argument': conversion from 'int' to 'float', possible loss of data
C:\Users\Sachin Chopra\Documents\University\4th Year\CSC8503\8503Submission\8503 Release\CSC8503\GameTech\TutorialGame.cpp(266,83): warning C4244: 'argument': conversion from 'int' to 'float', possible loss of data
C:\Users\Sachin Chopra\Documents\University\4th Year\CSC8503\8503Submission\8503 Release\CSC8503\GameTech\TutorialGame.cpp(266,60): warning C4244: 'argument': conversion from 'int' to 'float', possible loss of data
C:\Users\Sachin Chopra\Documents\University\4th Year\CSC8503\8503Submission\8503 Release\CSC8503\GameTech\TutorialGame.cpp(266,123): warning C4244: 'argument': conversion from 'int' to 'float', possible loss of data
C:\Users\Sachin Chopra\Documents\University\4th Year\CSC8503\8503Submission\8503 Release\CSC8503\GameTech\TutorialGame.cpp(266,106): warning C4244: 'argument': conversion from 'int' to 'float', possible loss of data
C:\Users\Sachin Chopra\Documents\University\4th Year\CSC8503\8503Submission\8503 Release\CSC8503\GameTech\TutorialGame.cpp(267,83): warning C4244: 'argument': conversion from 'int' to 'float', possible loss of data
C:\Users\Sachin Chopra\Documents\University\4th Year\CSC8503\8503Submission\8503 Release\CSC8503\GameTech\TutorialGame.cpp(267,61): warning C4244: 'argument': conversion from 'int' to 'float', possible loss of data
C:\Users\Sachin Chopra\Documents\University\4th Year\CSC8503\8503Submission\8503 Release\CSC8503\GameTech\TutorialGame.cpp(268,81): warning C4244: 'argument': conversion from 'int' to 'float', possible loss of data
C:\Users\Sachin Chopra\Documents\University\4th Year\CSC8503\8503Submission\8503 Release\CSC8503\GameTech\TutorialGame.cpp(268,59): warning C4244: 'argument': conversion from 'int' to 'float', possible loss of data
C:\Users\Sachin Chopra\Documents\University\4th Year\CSC8503\8503Submission\8503 Release\CSC8503\GameTech\TutorialGame.cpp(269,81): warning C4244: 'argument': conversion from 'int' to 'float', possible loss of data
C:\Users\Sachin Chopra\Documents\University\4th Year\CSC8503\8503Submission\8503 Release\CSC8503\GameTech\TutorialGame.cpp(269,59): warning C4244: 'argument': conversion from 'int' to 'float', possible loss of data
C:\Users\Sachin Chopra\Documents\University\4th Year\CSC8503\8503Submission\8503 Release\CSC8503\GameTech\TutorialGame.cpp(270,81): warning C4244: 'argument': conversion from 'int' to 'float', possible loss of data
C:\Users\Sachin Chopra\Documents\University\4th Year\CSC8503\8503Submission\8503 Release\CSC8503\GameTech\TutorialGame.cpp(270,59): warning C4244: 'argument': conversion from 'int' to 'float', possible loss of data
C:\Users\Sachin Chopra\Documents\University\4th Year\CSC8503\8503Submission\8503 Release\CSC8503\GameTech\TutorialGame.cpp(271,78): warning C4244: 'argument': conversion from 'int' to 'float', possible loss of data
C:\Users\Sachin Chopra\Documents\University\4th Year\CSC8503\8503Submission\8503 Release\CSC8503\GameTech\TutorialGame.cpp(271,56): warning C4244: 'argument': conversion from 'int' to 'float', possible loss of data
C:\Users\Sachin Chopra\Documents\University\4th Year\CSC8503\8503Submission\8503 Release\CSC8503\GameTech\TutorialGame.cpp(272,105): warning C4244: 'argument': conversion from 'int' to 'float', possible loss of data
C:\Users\Sachin Chopra\Documents\University\4th Year\CSC8503\8503Submission\8503 Release\CSC8503\GameTech\TutorialGame.cpp(272,82): warning C4244: 'argument': conversion from 'int' to 'float', possible loss of data
C:\Users\Sachin Chopra\Documents\University\4th Year\CSC8503\8503Submission\8503 Release\CSC8503\GameTech\TutorialGame.cpp(272,145): warning C4244: 'argument': conversion from 'int' to 'float', possible loss of data
C:\Users\Sachin Chopra\Documents\University\4th Year\CSC8503\8503Submission\8503 Release\CSC8503\GameTech\TutorialGame.cpp(272,128): warning C4244: 'argument': conversion from 'int' to 'float', possible loss of data
C:\Users\Sachin Chopra\Documents\University\4th Year\CSC8503\8503Submission\8503 Release\CSC8503\GameTech\TutorialGame.cpp(273,83): warning C4244: 'argument': conversion from 'int' to 'float', possible loss of data
C:\Users\Sachin Chopra\Documents\University\4th Year\CSC8503\8503Submission\8503 Release\CSC8503\GameTech\TutorialGame.cpp(273,60): warning C4244: 'argument': conversion from 'int' to 'float', possible loss of data
C:\Users\Sachin Chopra\Documents\University\4th Year\CSC8503\8503Submission\8503 Release\CSC8503\GameTech\TutorialGame.cpp(274,81): warning C4244: 'argument': conversion from 'int' to 'float', possible loss of data
C:\Users\Sachin Chopra\Documents\University\4th Year\CSC8503\8503Submission\8503 Release\CSC8503\GameTech\TutorialGame.cpp(274,60): warning C4244: 'argument': conversion from 'int' to 'float', possible loss of data
C:\Users\Sachin Chopra\Documents\University\4th Year\CSC8503\8503Submission\8503 Release\CSC8503\GameTech\TutorialGame.cpp(275,83): warning C4244: 'argument': conversion from 'int' to 'float', possible loss of data
C:\Users\Sachin Chopra\Documents\University\4th Year\CSC8503\8503Submission\8503 Release\CSC8503\GameTech\TutorialGame.cpp(275,60): warning C4244: 'argument': conversion from 'int' to 'float', possible loss of data
C:\Users\Sachin Chopra\Documents\University\4th Year\CSC8503\8503Submission\8503 Release\CSC8503\GameTech\TutorialGame.cpp(276,80): warning C4244: 'argument': conversion from 'int' to 'float', possible loss of data
C:\Users\Sachin Chopra\Documents\University\4th Year\CSC8503\8503Submission\8503 Release\CSC8503\GameTech\TutorialGame.cpp(276,57): warning C4244: 'argument': conversion from 'int' to 'float', possible loss of data
C:\Users\Sachin Chopra\Documents\University\4th Year\CSC8503\8503Submission\8503 Release\CSC8503\GameTech\TutorialGame.cpp(276,120): warning C4244: 'argument': conversion from 'int' to 'float', possible loss of data
C:\Users\Sachin Chopra\Documents\University\4th Year\CSC8503\8503Submission\8503 Release\CSC8503\GameTech\TutorialGame.cpp(276,103): warning C4244: 'argument': conversion from 'int' to 'float', possible loss of data
C:\Users\Sachin Chopra\Documents\University\4th Year\CSC8503\8503Submission\8503 Release\CSC8503\GameTech\TutorialGame.cpp(277,83): warning C4244: 'argument': conversion from 'int' to 'float', possible loss of data
C:\Users\Sachin Chopra\Documents\University\4th Year\CSC8503\8503Submission\8503 Release\CSC8503\GameTech\TutorialGame.cpp(277,60): warning C4244: 'argument': conversion from 'int' to 'float', possible loss of data
C:\Users\Sachin Chopra\Documents\University\4th Year\CSC8503\8503Submission\8503 Release\CSC8503\GameTech\TutorialGame.cpp(277,123): warning C4244: 'argument': conversion from 'int' to 'float', possible loss of data
C:\Users\Sachin Chopra\Documents\University\4th Year\CSC8503\8503Submission\8503 Release\CSC8503\GameTech\TutorialGame.cpp(277,106): warning C4244: 'argument': conversion from 'int' to 'float', possible loss of data
C:\Users\Sachin Chopra\Documents\University\4th Year\CSC8503\8503Submission\8503 Release\CSC8503\GameTech\TutorialGame.cpp(278,83): warning C4244: 'argument': conversion from 'int' to 'float', possible loss of data
C:\Users\Sachin Chopra\Documents\University\4th Year\CSC8503\8503Submission\8503 Release\CSC8503\GameTech\TutorialGame.cpp(278,60): warning C4244: 'argument': conversion from 'int' to 'float', possible loss of data
C:\Users\Sachin Chopra\Documents\University\4th Year\CSC8503\8503Submission\8503 Release\CSC8503\GameTech\TutorialGame.cpp(278,114): warning C4244: 'argument': conversion from 'int' to 'float', possible loss of data
C:\Users\Sachin Chopra\Documents\University\4th Year\CSC8503\8503Submission\8503 Release\CSC8503\GameTech\TutorialGame.cpp(278,109): warning C4244: 'argument': conversion from 'int' to 'float', possible loss of data
C:\Users\Sachin Chopra\Documents\University\4th Year\CSC8503\8503Submission\8503 Release\CSC8503\GameTech\TutorialGame.cpp(280,81): warning C4244: 'argument': conversion from 'int' to 'float', possible loss of data
C:\Users\Sachin Chopra\Documents\University\4th Year\CSC8503\8503Submission\8503 Release\CSC8503\GameTech\TutorialGame.cpp(280,58): warning C4244: 'argument': conversion from 'int' to 'float', possible loss of data
C:\Users\Sachin Chopra\Documents\University\4th Year\CSC8503\8503Submission\8503 Release\CSC8503\GameTech\TutorialGame.cpp(280,121): warning C4244: 'argument': conversion from 'int' to 'float', possible loss of data
C:\Users\Sachin Chopra\Documents\University\4th Year\CSC8503\8503Submission\8503 Release\CSC8503\GameTech\TutorialGame.cpp(280,104): warning C4244: 'argument': conversion from 'int' to 'float', possible loss of data
C:\Users\Sachin Chopra\Documents\University\4th Year\CSC8503\8503Submission\8503 Release\CSC8503\GameTech\TutorialGame.cpp(281,79): warning C4305: 'argument': truncation from 'double' to 'float'
C:\Users\Sachin Chopra\Documents\University\4th Year\CSC8503\8503Submission\8503 Release\CSC8503\GameTech\TutorialGame.cpp(521,27): warning C4244: 'return': conversion from 'int' to 'float', possible loss of data
C:\Users\Sachin Chopra\Documents\University\4th Year\CSC8503\8503Submission\8503 Release\CSC8503\GameTech\TutorialGame.cpp(596,69): warning C4305: 'argument': truncation from 'double' to 'float'
C:\Users\Sachin Chopra\Documents\University\4th Year\CSC8503\8503Submission\8503 Release\CSC8503\GameTech\TutorialGame.cpp(602,48): warning C4305: '=': truncation from 'double' to 'float'
C:\Users\Sachin Chopra\Documents\University\4th Year\CSC8503\8503Submission\8503 Release\CSC8503\GameTech\TutorialGame.cpp(634,69): warning C4305: 'argument': truncation from 'double' to 'float'
C:\Users\Sachin Chopra\Documents\University\4th Year\CSC8503\8503Submission\8503 Release\CSC8503\GameTech\TutorialGame.cpp(640,48): warning C4305: '=': truncation from 'double' to 'float'
  Generating Code...
  GameTech.vcxproj -> C:\Users\Sachin Chopra\Documents\University\4th Year\CSC8503\8503Submission\8503 Release\x64\Debug\GameTech.exe
